2019-04-18 09:45:06.2246 INFO PortName:Login
StatusCode:200
ClientIp:::1

2019-04-18 09:45:27.8950 INFO PortName:SignIn
StatusCode:200
ClientIp:::1

2019-04-18 09:45:28.9013 INFO PortName:SignIn
StatusCode:200
ClientIp:::1

2019-04-18 09:45:29.3182 INFO PortName:SignIn
StatusCode:200
ClientIp:::1

2019-04-18 09:45:29.7192 INFO PortName:SignIn
StatusCode:200
ClientIp:::1

2019-04-18 09:45:30.0902 INFO PortName:SignIn
StatusCode:200
ClientIp:::1

2019-04-18 09:45:30.3914 INFO PortName:SignIn
StatusCode:200
ClientIp:::1

2019-04-18 09:45:30.5579 INFO PortName:SignIn
StatusCode:200
ClientIp:::1

2019-04-18 09:45:30.7504 INFO PortName:SignIn
StatusCode:200
ClientIp:::1

2019-04-18 09:45:30.9289 INFO PortName:SignIn
StatusCode:200
ClientIp:::1

2019-04-18 09:45:31.1065 INFO PortName:SignIn
StatusCode:200
ClientIp:::1

2019-04-18 09:45:31.4226 INFO PortName:SignIn
StatusCode:200
ClientIp:::1

2019-04-18 09:45:32.0938 INFO PortName:SignIn
StatusCode:200
ClientIp:::1

2019-04-18 09:45:32.4568 INFO PortName:SignIn
StatusCode:200
ClientIp:::1

2019-04-18 09:45:32.6144 INFO PortName:SignIn
StatusCode:200
ClientIp:::1

2019-04-18 09:45:32.8069 INFO PortName:SignIn
StatusCode:200
ClientIp:::1

2019-04-18 09:45:32.9745 INFO PortName:SignIn
StatusCode:200
ClientIp:::1

2019-04-18 09:45:33.1580 INFO PortName:SignIn
StatusCode:200
ClientIp:::1

2019-04-18 09:45:33.3425 INFO PortName:SignIn
StatusCode:200
ClientIp:::1

2019-04-18 09:45:33.5270 INFO PortName:SignIn
StatusCode:200
ClientIp:::1

2019-04-18 09:45:33.7045 INFO PortName:SignIn
StatusCode:200
ClientIp:::1

2019-04-18 09:45:33.8711 INFO PortName:SignIn
StatusCode:200
ClientIp:::1

2019-04-18 09:45:34.0476 INFO PortName:SignIn
StatusCode:200
ClientIp:::1

2019-04-18 09:45:34.2062 INFO PortName:SignIn
StatusCode:200
ClientIp:::1

2019-04-18 09:45:34.3737 INFO PortName:SignIn
StatusCode:200
ClientIp:::1

2019-04-18 09:45:34.5483 INFO PortName:SignIn
StatusCode:200
ClientIp:::1

2019-04-18 09:45:34.9661 INFO PortName:SignIn
StatusCode:200
ClientIp:::1

2019-04-18 09:46:22.7046 INFO PortName:Login
StatusCode:200
ClientIp:::1

2019-04-18 09:46:23.0915 INFO PortName:Login
StatusCode:200
ClientIp:::1

2019-04-18 09:46:23.3638 INFO PortName:Login
StatusCode:200
ClientIp:::1

2019-04-18 09:46:23.5992 INFO PortName:Login
StatusCode:200
ClientIp:::1

2019-04-18 09:46:23.7877 INFO PortName:Login
StatusCode:200
ClientIp:::1

2019-04-18 09:46:23.9732 INFO PortName:Login
StatusCode:200
ClientIp:::1

2019-04-18 09:46:24.1437 INFO PortName:Login
StatusCode:200
ClientIp:::1

2019-04-18 09:46:24.2973 INFO PortName:Login
StatusCode:200
ClientIp:::1

2019-04-18 09:46:29.2840 INFO PortName:SignIn
StatusCode:200
ClientIp:::1

2019-04-18 09:46:29.9592 INFO PortName:SignIn
StatusCode:200
ClientIp:::1

2019-04-18 09:46:30.3571 INFO PortName:SignIn
StatusCode:200
ClientIp:::1

2019-04-18 09:46:59.0395 INFO PortName:Index
StatusCode:200
ClientIp:::1

2019-04-18 09:47:12.8596 INFO PortName:Index
StatusCode:200
ClientIp:::1

2019-04-18 09:47:13.4330 INFO PortName:Index
StatusCode:200
ClientIp:::1

2019-04-18 09:47:23.1052 INFO PortName:Login
StatusCode:200
ClientIp:::1

2019-04-18 09:55:53.4546 INFO PortName:Login
StatusCode:200
ClientIp:::1

2019-04-18 09:57:35.0770 INFO PortName:Login
StatusCode:200
ClientIp:::1

2019-04-18 09:57:40.7509 INFO PortName:Login
StatusCode:200
ClientIp:::1

2019-04-18 09:57:41.3144 INFO PortName:Login
StatusCode:200
ClientIp:::1

2019-04-18 09:57:41.6136 INFO PortName:Login
StatusCode:200
ClientIp:::1

2019-04-18 09:57:41.8430 INFO PortName:Login
StatusCode:200
ClientIp:::1

2019-04-18 09:57:41.9856 INFO PortName:Login
StatusCode:200
ClientIp:::1

2019-04-18 09:57:42.1453 INFO PortName:Login
StatusCode:200
ClientIp:::1

2019-04-18 09:57:42.2928 INFO PortName:Login
StatusCode:200
ClientIp:::1

2019-04-18 09:57:42.4374 INFO PortName:Login
StatusCode:200
ClientIp:::1

2019-04-18 09:57:42.5760 INFO PortName:Login
StatusCode:200
ClientIp:::1

2019-04-18 09:57:49.1943 INFO PortName:Login
StatusCode:200
ClientIp:::1

2019-04-18 09:57:57.3874 INFO PortName:Login
StatusCode:200
ClientIp:::1

2019-04-18 09:57:57.9300 INFO PortName:Login
StatusCode:200
ClientIp:::1

2019-04-18 09:58:04.8854 INFO PortName:Login
StatusCode:200
ClientIp:::1

2019-04-18 09:58:05.2674 INFO PortName:Login
StatusCode:200
ClientIp:::1

2019-04-18 09:58:05.4988 INFO PortName:Login
StatusCode:200
ClientIp:::1

2019-04-18 09:58:05.6294 INFO PortName:Login
StatusCode:200
ClientIp:::1

2019-04-18 09:58:05.8628 INFO PortName:Login
StatusCode:200
ClientIp:::1

2019-04-18 09:58:19.1982 INFO PortName:SignIn
StatusCode:200
ClientIp:::1

2019-04-18 09:58:19.2271 INFO PortName:Index
StatusCode:200
ClientIp:::1

2019-04-18 09:58:41.2233 INFO PortName:Index
StatusCode:200
ClientIp:::1

2019-04-18 09:58:49.5909 INFO PortName:Login
StatusCode:200
ClientIp:::1

2019-04-18 09:59:33.8200 INFO PortName:SignIn
StatusCode:200
ClientIp:::1

2019-04-18 09:59:37.9749 INFO PortName:Index
StatusCode:200
ClientIp:::1

2019-04-18 10:03:35.4304 INFO PortName:SignIn
StatusCode:200
ClientIp:::1

2019-04-18 10:03:36.0657 INFO PortName:Index
StatusCode:200
ClientIp:::1

2019-04-18 10:06:05.8196 INFO PortName:SignIn
StatusCode:200
ClientIp:::1

2019-04-18 10:06:19.2677 INFO PortName:Index
StatusCode:200
ClientIp:::1

2019-04-18 10:06:21.1527 INFO PortName:Login
StatusCode:200
ClientIp:::1

2019-04-18 10:06:25.4562 INFO PortName:SignIn
StatusCode:200
ClientIp:::1

2019-04-18 10:06:26.2511 INFO PortName:SignIn
StatusCode:200
ClientIp:::1

2019-04-18 10:06:26.6839 INFO PortName:SignIn
StatusCode:200
ClientIp:::1

2019-04-18 10:06:26.9253 INFO PortName:SignIn
StatusCode:200
ClientIp:::1

2019-04-18 10:06:27.0848 INFO PortName:SignIn
StatusCode:200
ClientIp:::1

2019-04-18 10:06:27.2294 INFO PortName:SignIn
StatusCode:200
ClientIp:::1

2019-04-18 10:06:27.3741 INFO PortName:SignIn
StatusCode:200
ClientIp:::1

2019-04-18 10:06:27.5336 INFO PortName:SignIn
StatusCode:200
ClientIp:::1

2019-04-18 10:06:36.4867 INFO PortName:SignIn
StatusCode:200
ClientIp:::1

2019-04-18 10:06:36.9355 INFO PortName:SignIn
StatusCode:200
ClientIp:::1

2019-04-18 10:06:37.1041 INFO PortName:SignIn
StatusCode:200
ClientIp:::1

2019-04-18 10:06:37.2716 INFO PortName:SignIn
StatusCode:200
ClientIp:::1

2019-04-18 10:06:37.4302 INFO PortName:SignIn
StatusCode:200
ClientIp:::1

2019-04-18 10:06:37.5808 INFO PortName:SignIn
StatusCode:200
ClientIp:::1

2019-04-18 10:06:37.7394 INFO PortName:SignIn
StatusCode:200
ClientIp:::1

2019-04-18 10:06:37.8830 INFO PortName:SignIn
StatusCode:200
ClientIp:::1

2019-04-18 10:06:38.0366 INFO PortName:SignIn
StatusCode:200
ClientIp:::1

2019-04-18 11:18:56.3923 INFO PortName:Login
StatusCode:200
ClientIp:::1

2019-04-18 11:19:35.9366 INFO PortName:SignIn
StatusCode:200
ClientIp:::1

2019-04-18 11:19:35.9935 INFO PortName:Index
StatusCode:200
ClientIp:::1

2019-04-18 11:19:59.8158 INFO PortName:SignIn
StatusCode:200
ClientIp:::1

2019-04-18 11:20:14.6941 INFO PortName:SignIn
StatusCode:200
ClientIp:::1

2019-04-18 11:20:20.0717 INFO PortName:SignIn
StatusCode:200
ClientIp:::1

2019-04-18 11:20:23.5993 INFO PortName:SignIn
StatusCode:200
ClientIp:::1

2019-04-18 11:20:23.6212 INFO PortName:Index
StatusCode:200
ClientIp:::1

2019-04-18 11:20:37.4164 INFO PortName:Index
StatusCode:200
ClientIp:::1

2019-04-18 11:20:50.3897 INFO PortName:Index
StatusCode:200
ClientIp:::1

2019-04-18 11:20:58.0323 INFO PortName:Index
StatusCode:200
ClientIp:::1

2019-04-18 11:21:05.9890 INFO PortName:Login
StatusCode:200
ClientIp:::1

2019-04-18 11:21:09.8058 INFO PortName:Index
StatusCode:200
ClientIp:::1

2019-04-18 11:21:35.9829 INFO PortName:Index
StatusCode:200
ClientIp:::1

2019-04-18 11:21:41.3455 INFO PortName:Index
StatusCode:200
ClientIp:::1

2019-04-18 11:22:06.8055 INFO PortName:Login
StatusCode:200
ClientIp:::1

2019-04-18 11:22:09.7596 INFO PortName:SignIn
StatusCode:200
ClientIp:::1

2019-04-18 11:22:09.7756 INFO PortName:Index
StatusCode:200
ClientIp:::1

2019-04-18 11:22:15.2599 INFO PortName:Index
StatusCode:200
ClientIp:::1

2019-04-18 11:22:59.7949 INFO PortName:Index
StatusCode:200
ClientIp:::1

2019-04-18 11:23:09.8850 INFO PortName:Index
StatusCode:200
ClientIp:::1

2019-04-18 11:23:13.7038 INFO PortName:Login
StatusCode:200
ClientIp:::1

2019-04-18 11:23:21.0312 INFO PortName:SignIn
StatusCode:200
ClientIp:::1

2019-04-18 11:23:21.0491 INFO PortName:Index
StatusCode:200
ClientIp:::1

2019-04-18 11:23:25.3656 INFO PortName:Index
StatusCode:200
ClientIp:::1

2019-04-18 11:23:25.8064 INFO PortName:Index
StatusCode:200
ClientIp:::1

2019-04-18 11:23:25.9889 INFO PortName:Index
StatusCode:200
ClientIp:::1

2019-04-18 11:23:26.1635 INFO PortName:Index
StatusCode:200
ClientIp:::1

2019-04-18 11:23:30.4720 INFO PortName:Index
StatusCode:200
ClientIp:::1

2019-04-18 11:23:57.8019 INFO PortName:Index
StatusCode:200
ClientIp:::1

2019-04-18 11:24:02.5831 INFO PortName:Login
StatusCode:200
ClientIp:::1

2019-04-18 11:24:08.3448 INFO PortName:SignIn
StatusCode:200
ClientIp:::1

2019-04-18 11:26:54.7362 INFO PortName:Login
StatusCode:200
ClientIp:::1

2019-04-18 11:26:58.8242 INFO PortName:SignIn
StatusCode:200
ClientIp:::1

2019-04-18 11:26:58.8661 INFO PortName:Index
StatusCode:200
ClientIp:::1

2019-04-18 11:27:01.3984 INFO PortName:Index
StatusCode:200
ClientIp:::1

2019-04-18 11:27:01.6716 INFO PortName:Index
StatusCode:200
ClientIp:::1

2019-04-18 11:27:01.8811 INFO PortName:Index
StatusCode:200
ClientIp:::1

2019-04-18 11:27:02.0726 INFO PortName:Index
StatusCode:200
ClientIp:::1

2019-04-18 11:27:02.2571 INFO PortName:Index
StatusCode:200
ClientIp:::1

2019-04-18 11:27:02.4226 INFO PortName:Index
StatusCode:200
ClientIp:::1

2019-04-18 11:27:02.6291 INFO PortName:Index
StatusCode:200
ClientIp:::1

2019-04-18 11:27:02.8166 INFO PortName:Index
StatusCode:200
ClientIp:::1

2019-04-18 11:27:03.0270 INFO PortName:Index
StatusCode:200
ClientIp:::1

2019-04-18 11:27:03.2135 INFO PortName:Index
StatusCode:200
ClientIp:::1

2019-04-18 11:27:03.4379 INFO PortName:Index
StatusCode:200
ClientIp:::1

2019-04-18 11:27:03.6244 INFO PortName:Index
StatusCode:200
ClientIp:::1

2019-04-18 11:27:03.8159 INFO PortName:Index
StatusCode:200
ClientIp:::1

2019-04-18 11:27:04.0114 INFO PortName:Index
StatusCode:200
ClientIp:::1

2019-04-18 11:27:04.2169 INFO PortName:Index
StatusCode:200
ClientIp:::1

2019-04-18 11:27:04.4213 INFO PortName:Index
StatusCode:200
ClientIp:::1

2019-04-18 11:27:04.6178 INFO PortName:Index
StatusCode:200
ClientIp:::1

2019-04-18 11:27:04.8242 INFO PortName:Index
StatusCode:200
ClientIp:::1

2019-04-18 11:27:05.0476 INFO PortName:Index
StatusCode:200
ClientIp:::1

2019-04-18 11:27:05.2700 INFO PortName:Index
StatusCode:200
ClientIp:::1

2019-04-18 11:27:05.4595 INFO PortName:Index
StatusCode:200
ClientIp:::1

2019-04-18 11:27:05.6779 INFO PortName:Index
StatusCode:200
ClientIp:::1

2019-04-18 11:27:05.8874 INFO PortName:Index
StatusCode:200
ClientIp:::1

2019-04-18 11:27:06.0928 INFO PortName:Index
StatusCode:200
ClientIp:::1

2019-04-18 11:27:06.3521 INFO PortName:Index
StatusCode:200
ClientIp:::1

2019-04-18 11:27:07.7334 INFO PortName:Index
StatusCode:200
ClientIp:::1

2019-04-18 11:27:08.0486 INFO PortName:Index
StatusCode:200
ClientIp:::1

2019-04-18 11:27:08.3368 INFO PortName:Index
StatusCode:200
ClientIp:::1

2019-04-18 11:27:09.1078 INFO PortName:Index
StatusCode:200
ClientIp:::1

2019-04-18 11:27:09.3401 INFO PortName:Index
StatusCode:200
ClientIp:::1

2019-04-18 11:27:09.5366 INFO PortName:Index
StatusCode:200
ClientIp:::1

2019-04-18 11:27:09.7241 INFO PortName:Index
StatusCode:200
ClientIp:::1

2019-04-18 11:27:09.9296 INFO PortName:Index
StatusCode:200
ClientIp:::1

2019-04-18 11:27:10.1300 INFO PortName:Index
StatusCode:200
ClientIp:::1

2019-04-18 11:27:10.3534 INFO PortName:Index
StatusCode:200
ClientIp:::1

2019-04-18 11:27:10.5499 INFO PortName:Index
StatusCode:200
ClientIp:::1

2019-04-18 11:27:10.8052 INFO PortName:Index
StatusCode:200
ClientIp:::1

2019-04-18 11:27:11.0685 INFO PortName:Index
StatusCode:200
ClientIp:::1

2019-04-18 11:27:11.2730 INFO PortName:Index
StatusCode:200
ClientIp:::1

2019-04-18 11:27:11.4785 INFO PortName:Index
StatusCode:200
ClientIp:::1

2019-04-18 11:28:35.2835 INFO PortName:Login
StatusCode:200
ClientIp:::1

2019-04-18 11:32:23.5157 INFO PortName:Login
StatusCode:200
ClientIp:::1

2019-04-18 11:32:27.3983 INFO PortName:SignIn
StatusCode:200
ClientIp:::1

2019-04-18 11:32:27.4591 INFO PortName:Index
StatusCode:200
ClientIp:::1

2019-04-18 11:34:54.3546 INFO PortName:Login
StatusCode:200
ClientIp:::1

2019-04-18 11:35:02.8370 INFO PortName:Login
StatusCode:200
ClientIp:::1

2019-04-18 11:35:09.1860 INFO PortName:Login
StatusCode:200
ClientIp:::1

2019-04-18 11:35:10.8326 INFO PortName:SignIn
StatusCode:200
ClientIp:::1

2019-04-18 11:35:10.8476 INFO PortName:Index
StatusCode:200
ClientIp:::1

2019-04-18 11:35:13.2202 INFO PortName:Login
StatusCode:200
ClientIp:::1

2019-04-18 11:35:14.3183 INFO PortName:Login
StatusCode:200
ClientIp:::1

2019-04-18 11:35:15.4213 INFO PortName:Login
StatusCode:200
ClientIp:::1

2019-04-18 11:35:20.6653 INFO PortName:Login
StatusCode:200
ClientIp:::1

2019-04-18 11:35:25.1942 INFO PortName:Index
StatusCode:200
ClientIp:::1

2019-04-18 11:35:28.0695 INFO PortName:Index
StatusCode:200
ClientIp:::1

2019-04-18 11:35:40.9262 INFO PortName:Index
StatusCode:200
ClientIp:::1

2019-04-18 11:36:35.2241 INFO PortName:Index
StatusCode:200
ClientIp:::1

2019-04-18 11:37:02.3516 INFO PortName:Index
StatusCode:200
ClientIp:::1

2019-04-18 11:37:06.1275 INFO PortName:Index
StatusCode:200
ClientIp:::1

2019-04-18 11:38:54.7393 INFO PortName:Login
StatusCode:200
ClientIp:::1

2019-04-18 11:38:57.8241 INFO PortName:Login
StatusCode:200
ClientIp:::1

2019-04-18 11:38:59.2782 INFO PortName:Login
StatusCode:200
ClientIp:::1

2019-04-18 11:39:00.1110 INFO PortName:Login
StatusCode:200
ClientIp:::1

2019-04-18 11:39:00.8829 INFO PortName:Login
StatusCode:200
ClientIp:::1

2019-04-18 11:39:01.6469 INFO PortName:Login
StatusCode:200
ClientIp:::1

2019-04-18 11:39:02.3629 INFO PortName:Login
StatusCode:200
ClientIp:::1

2019-04-18 11:39:03.0591 INFO PortName:Login
StatusCode:200
ClientIp:::1

2019-04-18 11:39:04.4414 INFO PortName:Login
StatusCode:200
ClientIp:::1

2019-04-18 11:39:06.0391 INFO PortName:SignIn
StatusCode:200
ClientIp:::1

2019-04-18 11:39:06.0391 INFO PortName:Index
StatusCode:200
ClientIp:::1

2019-04-18 11:39:06.8480 INFO PortName:Login
StatusCode:200
ClientIp:::1

2019-04-18 11:39:07.8383 INFO PortName:Login
StatusCode:200
ClientIp:::1

2019-04-18 11:39:08.9444 INFO PortName:Login
StatusCode:200
ClientIp:::1

2019-04-18 11:39:10.0265 INFO PortName:Login
StatusCode:200
ClientIp:::1

2019-04-18 11:39:12.0521 INFO PortName:Index
StatusCode:200
ClientIp:::1

2019-04-18 11:39:42.1057 INFO PortName:Index
StatusCode:200
ClientIp:::1

2019-04-18 11:43:41.4632 INFO PortName:Login
StatusCode:200
ClientIp:::1

2019-04-18 11:48:58.3026 INFO PortName:Login
StatusCode:200
ClientIp:::1

2019-04-18 11:49:02.2451 INFO PortName:SignIn
StatusCode:200
ClientIp:::1

2019-04-18 11:49:02.3069 INFO PortName:Index
StatusCode:200
ClientIp:::1

2019-04-18 11:49:09.8567 INFO PortName:Index
StatusCode:200
ClientIp:::1

2019-04-18 13:08:00.3446 INFO PortName:Login
StatusCode:200
ClientIp:::1

2019-04-18 13:08:04.7508 INFO PortName:Login
StatusCode:200
ClientIp:::1

2019-04-18 13:08:22.5203 INFO PortName:Login
StatusCode:200
ClientIp:::1

2019-04-18 13:35:20.4343 INFO PortName:Login
StatusCode:200
ClientIp:::1

2019-04-18 13:35:36.8335 INFO PortName:SignIn
StatusCode:200
ClientIp:::1

2019-04-18 13:35:41.7823 INFO PortName:SignIn
StatusCode:200
ClientIp:::1

2019-04-18 13:36:14.2934 INFO PortName:Login
StatusCode:200
ClientIp:::1

2019-04-18 13:39:35.7299 INFO PortName:Login
StatusCode:200
ClientIp:::1

2019-04-18 13:39:39.6335 INFO PortName:SignIn
StatusCode:200
ClientIp:::1

2019-04-18 13:39:43.8512 INFO PortName:SignIn
StatusCode:200
ClientIp:::1

2019-04-18 13:39:45.3911 INFO PortName:SignIn
StatusCode:200
ClientIp:::1

2019-04-18 13:40:33.9613 INFO PortName:Login
StatusCode:200
ClientIp:::1

2019-04-18 13:42:31.8982 INFO PortName:Login
StatusCode:200
ClientIp:::1

2019-04-18 13:42:35.5744 INFO PortName:SignIn
StatusCode:200
ClientIp:::1

2019-04-18 13:42:35.6412 INFO PortName:Index
StatusCode:200
ClientIp:::1

2019-04-18 13:42:52.4632 INFO PortName:Index
StatusCode:200
ClientIp:::1

2019-04-18 13:42:54.0550 INFO PortName:Index
StatusCode:200
ClientIp:::1

2019-04-18 13:42:54.7890 INFO PortName:Index
StatusCode:200
ClientIp:::1

2019-04-18 13:42:55.2199 INFO PortName:Index
StatusCode:200
ClientIp:::1

2019-04-18 13:42:55.6078 INFO PortName:Index
StatusCode:200
ClientIp:::1

2019-04-18 13:42:58.9489 INFO PortName:Index
StatusCode:200
ClientIp:::1

2019-04-18 13:43:00.7232 INFO PortName:Index
StatusCode:200
ClientIp:::1

2019-04-18 13:43:01.6587 INFO PortName:Index
StatusCode:200
ClientIp:::1

2019-04-18 13:43:14.8464 INFO PortName:Index
StatusCode:200
ClientIp:::1

2019-04-18 13:43:52.2674 INFO PortName:Login
StatusCode:200
ClientIp:::1

2019-04-18 13:43:58.5486 INFO PortName:SignIn
StatusCode:200
ClientIp:::1

2019-04-18 13:44:00.4087 INFO PortName:SignIn
StatusCode:200
ClientIp:::1

2019-04-18 13:44:05.1341 INFO PortName:SignIn
StatusCode:200
ClientIp:::1

2019-04-18 13:44:06.5373 INFO PortName:SignIn
StatusCode:200
ClientIp:::1

2019-04-18 13:44:26.4501 INFO PortName:SignIn
StatusCode:200
ClientIp:::1

2019-04-18 13:44:30.2101 INFO PortName:SignIn
StatusCode:200
ClientIp:::1

2019-04-18 13:44:35.1608 INFO PortName:SignIn
StatusCode:200
ClientIp:::1

2019-04-18 13:44:36.3865 INFO PortName:SignIn
StatusCode:200
ClientIp:::1

2019-04-18 13:44:39.1950 INFO PortName:SignIn
StatusCode:200
ClientIp:::1

2019-04-18 13:45:53.7089 INFO PortName:SignIn
StatusCode:200
ClientIp:::1

2019-04-18 13:54:18.8345 INFO PortName:Index
StatusCode:200
ClientIp:::1

2019-04-18 13:54:18.8375 INFO PortName:SignIn
StatusCode:200
ClientIp:::1

2019-04-18 13:54:29.2806 INFO PortName:SignIn
StatusCode:200
ClientIp:::1

2019-04-18 13:54:40.8227 INFO PortName:Index
StatusCode:200
ClientIp:::1

2019-04-18 13:54:41.2995 INFO PortName:Index
StatusCode:200
ClientIp:::1

2019-04-18 13:54:41.4850 INFO PortName:Index
StatusCode:200
ClientIp:::1

2019-04-18 13:54:41.6575 INFO PortName:Index
StatusCode:200
ClientIp:::1

2019-04-18 13:54:41.7852 INFO PortName:Index
StatusCode:200
ClientIp:::1

2019-04-18 13:54:41.9298 INFO PortName:Index
StatusCode:200
ClientIp:::1

2019-04-18 13:54:42.0834 INFO PortName:Index
StatusCode:200
ClientIp:::1

2019-04-18 13:54:42.2290 INFO PortName:Index
StatusCode:200
ClientIp:::1

2019-04-18 13:54:42.3676 INFO PortName:Index
StatusCode:200
ClientIp:::1

2019-04-18 13:54:42.5411 INFO PortName:Index
StatusCode:200
ClientIp:::1

2019-04-18 13:54:47.1209 INFO PortName:Index
StatusCode:200
ClientIp:::1

2019-04-18 13:55:07.5364 INFO PortName:Login
StatusCode:200
ClientIp:::1

2019-04-18 13:55:11.6174 INFO PortName:SignIn
StatusCode:200
ClientIp:::1

2019-04-18 13:57:30.0815 INFO PortName:Index
StatusCode:200
ClientIp:::1

2019-04-18 13:57:31.7600 INFO PortName:Index
StatusCode:200
ClientIp:::1

2019-04-18 13:57:42.7656 INFO PortName:Index
StatusCode:200
ClientIp:::1

2019-04-18 13:57:43.3999 INFO PortName:Index
StatusCode:200
ClientIp:::1

2019-04-18 13:57:43.7490 INFO PortName:Index
StatusCode:200
ClientIp:::1

2019-04-18 13:57:44.2127 INFO PortName:Index
StatusCode:200
ClientIp:::1

2019-04-18 13:57:44.5209 INFO PortName:Index
StatusCode:200
ClientIp:::1

2019-04-18 13:57:44.7024 INFO PortName:Index
StatusCode:200
ClientIp:::1

2019-04-18 13:57:44.8789 INFO PortName:Index
StatusCode:200
ClientIp:::1

2019-04-18 13:57:45.0485 INFO PortName:Index
StatusCode:200
ClientIp:::1

2019-04-18 13:57:45.2290 INFO PortName:Index
StatusCode:200
ClientIp:::1

2019-04-18 13:57:45.4185 INFO PortName:Index
StatusCode:200
ClientIp:::1

2019-04-18 13:57:45.6070 INFO PortName:Index
StatusCode:200
ClientIp:::1

2019-04-18 13:57:45.7865 INFO PortName:Index
StatusCode:200
ClientIp:::1

2019-04-18 13:57:45.9950 INFO PortName:Index
StatusCode:200
ClientIp:::1

2019-04-18 13:57:46.2612 INFO PortName:Index
StatusCode:200
ClientIp:::1

2019-04-18 13:57:46.5345 INFO PortName:Index
StatusCode:200
ClientIp:::1

2019-04-18 13:57:46.8557 INFO PortName:Index
StatusCode:200
ClientIp:::1

2019-04-18 13:57:47.1519 INFO PortName:Index
StatusCode:200
ClientIp:::1

2019-04-18 13:57:47.3693 INFO PortName:Index
StatusCode:200
ClientIp:::1

2019-04-18 13:57:47.5678 INFO PortName:Index
StatusCode:200
ClientIp:::1

2019-04-18 13:57:47.7652 INFO PortName:Index
StatusCode:200
ClientIp:::1

2019-04-18 13:57:47.9647 INFO PortName:Index
StatusCode:200
ClientIp:::1

2019-04-18 13:57:48.1901 INFO PortName:Index
StatusCode:200
ClientIp:::1

2019-04-18 13:57:48.4713 INFO PortName:Index
StatusCode:200
ClientIp:::1

2019-04-18 13:57:49.2503 INFO PortName:Index
StatusCode:200
ClientIp:::1

2019-04-18 13:57:49.4936 INFO PortName:Index
StatusCode:200
ClientIp:::1

2019-04-18 13:57:49.6801 INFO PortName:Index
StatusCode:200
ClientIp:::1

2019-04-18 13:57:56.8839 INFO PortName:Index
StatusCode:200
ClientIp:::1

2019-04-18 13:59:49.1998 INFO PortName:Index
StatusCode:200
ClientIp:::1

2019-04-18 14:00:06.6252 INFO PortName:Index
StatusCode:200
ClientIp:::1

2019-04-18 14:00:08.0264 INFO PortName:Index
StatusCode:200
ClientIp:::1

2019-04-18 14:00:09.3818 INFO PortName:Index
StatusCode:200
ClientIp:::1

2019-04-18 14:00:09.8765 INFO PortName:Index
StatusCode:200
ClientIp:::1

2019-04-18 14:00:10.1428 INFO PortName:Index
StatusCode:200
ClientIp:::1

2019-04-18 14:00:10.3822 INFO PortName:Index
StatusCode:200
ClientIp:::1

2019-04-18 14:00:11.3775 INFO PortName:Index
StatusCode:200
ClientIp:::1

2019-04-18 14:00:55.3590 INFO PortName:Index
StatusCode:200
ClientIp:::1

2019-04-18 14:02:01.9830 INFO PortName:Index
StatusCode:200
ClientIp:::1

2019-04-18 14:13:43.1081 INFO PortName:Index
StatusCode:200
ClientIp:::1

2019-04-18 14:13:50.3687 INFO PortName:Login
StatusCode:200
ClientIp:::1

2019-04-18 14:13:52.8212 INFO PortName:SignIn
StatusCode:200
ClientIp:::1

2019-04-18 14:14:20.3087 INFO PortName:Index
StatusCode:200
ClientIp:::1

2019-04-18 14:14:24.2492 INFO PortName:Login
StatusCode:200
ClientIp:::1

2019-04-18 14:14:36.0776 INFO PortName:SignIn
StatusCode:200
ClientIp:::1

2019-04-18 14:18:05.3539 INFO PortName:Index
StatusCode:200
ClientIp:::1

2019-04-18 14:18:11.0617 INFO PortName:Index
StatusCode:200
ClientIp:::1

2019-04-18 14:18:14.4835 INFO PortName:Login
StatusCode:200
ClientIp:::1

2019-04-18 14:18:25.0752 INFO PortName:SignIn
StatusCode:200
ClientIp:::1

2019-04-18 14:18:58.7981 INFO PortName:Index
StatusCode:200
ClientIp:::1

2019-04-18 14:19:37.7091 INFO PortName:Index
StatusCode:200
ClientIp:::1

2019-04-18 14:19:38.7015 INFO PortName:Index
StatusCode:200
ClientIp:::1

2019-04-18 14:19:39.1323 INFO PortName:Index
StatusCode:200
ClientIp:::1

2019-04-18 14:19:39.4116 INFO PortName:Index
StatusCode:200
ClientIp:::1

2019-04-18 14:19:39.6460 INFO PortName:Index
StatusCode:200
ClientIp:::1

2019-04-18 14:19:39.8584 INFO PortName:Index
StatusCode:200
ClientIp:::1

2019-04-18 14:19:40.0748 INFO PortName:Index
StatusCode:200
ClientIp:::1

2019-04-18 14:19:40.2803 INFO PortName:Index
StatusCode:200
ClientIp:::1

2019-04-18 14:19:40.4887 INFO PortName:Index
StatusCode:200
ClientIp:::1

2019-04-18 14:19:40.7420 INFO PortName:Index
StatusCode:200
ClientIp:::1

2019-04-18 14:19:41.0343 INFO PortName:Index
StatusCode:200
ClientIp:::1

2019-04-18 14:19:41.4412 INFO PortName:Index
StatusCode:200
ClientIp:::1

2019-04-18 14:19:41.7713 INFO PortName:Index
StatusCode:200
ClientIp:::1

2019-04-18 14:19:45.0814 INFO PortName:Index
StatusCode:200
ClientIp:::1

2019-04-18 14:19:49.5445 INFO PortName:Index
StatusCode:200
ClientIp:::1

2019-04-18 14:19:49.8617 INFO PortName:Index
StatusCode:200
ClientIp:::1

2019-04-18 14:19:50.1499 INFO PortName:Index
StatusCode:200
ClientIp:::1

2019-04-18 14:19:50.4242 INFO PortName:Index
StatusCode:200
ClientIp:::1

2019-04-18 14:19:50.6486 INFO PortName:Index
StatusCode:200
ClientIp:::1

2019-04-18 14:19:50.9159 INFO PortName:Index
StatusCode:200
ClientIp:::1

2019-04-18 14:19:51.1403 INFO PortName:Index
StatusCode:200
ClientIp:::1

2019-04-18 14:19:57.3108 INFO PortName:Index
StatusCode:200
ClientIp:::1

2019-04-18 14:19:57.7117 INFO PortName:Index
StatusCode:200
ClientIp:::1

2019-04-18 14:19:57.9531 INFO PortName:Index
StatusCode:200
ClientIp:::1

2019-04-18 14:19:58.1435 INFO PortName:Index
StatusCode:200
ClientIp:::1

2019-04-18 14:19:58.3669 INFO PortName:Index
StatusCode:200
ClientIp:::1

2019-04-18 14:19:58.5784 INFO PortName:Index
StatusCode:200
ClientIp:::1

2019-04-18 14:19:58.7210 INFO PortName:Index
StatusCode:200
ClientIp:::1

2019-04-18 14:19:58.8596 INFO PortName:Index
StatusCode:200
ClientIp:::1

2019-04-18 14:19:59.1568 INFO PortName:Index
StatusCode:200
ClientIp:::1

2019-04-18 14:19:59.3703 INFO PortName:Index
StatusCode:200
ClientIp:::1

2019-04-18 14:19:59.5627 INFO PortName:Index
StatusCode:200
ClientIp:::1

2019-04-18 14:19:59.6735 INFO PortName:Index
StatusCode:200
ClientIp:::1

2019-04-18 14:25:44.3395 INFO PortName:Index
StatusCode:200
ClientIp:::1

2019-04-18 14:25:50.7683 INFO PortName:Index
StatusCode:200
ClientIp:::1

2019-04-18 14:25:55.8896 INFO PortName:Login
StatusCode:200
ClientIp:::1

2019-04-18 14:26:01.3274 INFO PortName:SignIn
StatusCode:200
ClientIp:::1

2019-04-18 14:26:17.3864 INFO PortName:Index
StatusCode:200
ClientIp:::1

2019-04-18 14:26:22.3791 INFO PortName:Index
StatusCode:200
ClientIp:::1

2019-04-18 14:26:25.7013 INFO PortName:Login
StatusCode:200
ClientIp:::1

2019-04-18 14:26:31.3880 INFO PortName:SignIn
StatusCode:200
ClientIp:::1

2019-04-18 14:26:56.0671 INFO PortName:Login
StatusCode:200
ClientIp:::1

2019-04-18 14:27:09.0873 INFO PortName:SignIn
StatusCode:200
ClientIp:::1

2019-04-18 14:29:24.4120 INFO PortName:Index
StatusCode:200
ClientIp:::1

2019-04-18 14:29:25.2777 INFO PortName:Login
StatusCode:200
ClientIp:::1

2019-04-18 14:29:31.0951 INFO PortName:SignIn
StatusCode:200
ClientIp:::1

2019-04-18 14:36:33.0962 INFO PortName:Index
StatusCode:200
ClientIp:::1

2019-04-18 14:36:38.3492 INFO PortName:Index
StatusCode:200
ClientIp:::1

2019-04-18 14:36:43.4825 INFO PortName:Login
StatusCode:200
ClientIp:::1

2019-04-18 14:36:45.2128 INFO PortName:SignIn
StatusCode:200
ClientIp:::1

2019-04-18 14:37:39.4858 INFO PortName:Index
StatusCode:200
ClientIp:::1

2019-04-18 14:37:42.3981 INFO PortName:Login
StatusCode:200
ClientIp:::1

2019-04-18 14:37:51.2125 INFO PortName:SignIn
StatusCode:200
ClientIp:::1

2019-04-18 14:39:31.8615 INFO PortName:Index
StatusCode:200
ClientIp:::1

2019-04-18 14:39:35.8968 INFO PortName:Login
StatusCode:200
ClientIp:::1

2019-04-18 14:39:47.7092 INFO PortName:SignIn
StatusCode:200
ClientIp:::1

2019-04-18 14:46:55.5485 INFO PortName:Index
StatusCode:200
ClientIp:::1

2019-04-18 14:46:56.0382 INFO PortName:Login
StatusCode:200
ClientIp:::1

2019-04-18 14:46:58.5265 INFO PortName:SignIn
StatusCode:200
ClientIp:::1

2019-04-18 14:47:23.3851 INFO PortName:Index
StatusCode:200
ClientIp:::1

2019-04-18 14:47:23.5636 INFO PortName:Login
StatusCode:200
ClientIp:::1

2019-04-18 14:47:37.9322 INFO PortName:SignIn
StatusCode:200
ClientIp:::1

2019-04-18 14:52:20.6898 INFO PortName:Index
StatusCode:200
ClientIp:::1

2019-04-18 14:52:20.6898 INFO PortName:Login
StatusCode:200
ClientIp:::1

2019-04-18 14:52:30.7698 INFO PortName:SignIn
StatusCode:200
ClientIp:::1

2019-04-18 14:54:06.8690 INFO PortName:Index
StatusCode:200
ClientIp:::1

2019-04-18 14:54:07.1832 INFO PortName:Index
StatusCode:200
ClientIp:::1

2019-04-18 14:54:10.1024 INFO PortName:Login
StatusCode:200
ClientIp:::1

2019-04-18 14:54:11.9854 INFO PortName:SignIn
StatusCode:200
ClientIp:::1

2019-04-18 14:54:11.9983 INFO PortName:Index
StatusCode:200
ClientIp:::1

2019-04-18 14:54:13.5612 INFO PortName:Index
StatusCode:200
ClientIp:::1

2019-04-18 14:54:13.7357 INFO PortName:Index
StatusCode:200
ClientIp:::1

2019-04-18 14:54:13.8883 INFO PortName:Index
StatusCode:200
ClientIp:::1

2019-04-18 14:54:14.0389 INFO PortName:Index
StatusCode:200
ClientIp:::1

2019-04-18 14:54:14.1925 INFO PortName:Index
StatusCode:200
ClientIp:::1

2019-04-18 14:54:14.3500 INFO PortName:Index
StatusCode:200
ClientIp:::1

2019-04-18 14:54:14.5096 INFO PortName:Index
StatusCode:200
ClientIp:::1

2019-04-18 14:56:45.4284 INFO PortName:Index
StatusCode:200
ClientIp:::1

2019-04-18 14:56:45.7874 INFO PortName:Login
StatusCode:200
ClientIp:::1

2019-04-18 14:56:55.4675 INFO PortName:SignIn
StatusCode:200
ClientIp:::1

2019-04-18 15:03:55.4883 INFO PortName:Index
StatusCode:200
ClientIp:::1

2019-04-18 15:04:20.1803 INFO PortName:Login
StatusCode:200
ClientIp:::1

2019-04-18 15:04:22.1789 INFO PortName:SignIn
StatusCode:200
ClientIp:::1

2019-04-18 15:04:39.5367 INFO PortName:Index
StatusCode:200
ClientIp:::1

2019-04-18 15:04:49.9159 INFO PortName:Login
StatusCode:200
ClientIp:::1

2019-04-18 15:04:57.2004 INFO PortName:SignIn
StatusCode:200
ClientIp:::1

2019-04-18 15:06:05.0661 INFO PortName:Index
StatusCode:200
ClientIp:::1

2019-04-18 15:06:05.8271 INFO PortName:Login
StatusCode:200
ClientIp:::1

2019-04-18 15:06:07.9723 INFO PortName:SignIn
StatusCode:200
ClientIp:::1

2019-04-18 15:07:35.5633 INFO PortName:Login
StatusCode:200
ClientIp:::1

2019-04-18 15:07:35.5633 INFO PortName:Index
StatusCode:200
ClientIp:::1

2019-04-18 15:07:44.7715 INFO PortName:SignIn
StatusCode:200
ClientIp:::1

2019-04-18 15:07:51.5105 INFO PortName:Login
StatusCode:200
ClientIp:::1

2019-04-18 15:08:07.6125 INFO PortName:SignIn
StatusCode:200
ClientIp:::1

2019-04-18 15:08:07.7411 INFO PortName:Login
StatusCode:200
ClientIp:::1

2019-04-18 15:08:45.3906 INFO PortName:Login
StatusCode:200
ClientIp:::1

2019-04-18 15:08:45.3906 INFO PortName:Index
StatusCode:200
ClientIp:::1

2019-04-18 15:08:48.1762 INFO PortName:SignIn
StatusCode:200
ClientIp:::1

2019-04-18 15:16:07.9651 INFO PortName:Login
StatusCode:200
ClientIp:::1

2019-04-18 15:16:07.9651 INFO PortName:Index
StatusCode:200
ClientIp:::1

2019-04-18 15:16:10.8674 INFO PortName:SignIn
StatusCode:200
ClientIp:::1

2019-04-18 15:19:38.5451 INFO PortName:Index
StatusCode:200
ClientIp:::1

2019-04-18 15:19:42.0028 INFO PortName:Index
StatusCode:200
ClientIp:::1

2019-04-18 15:19:46.0171 INFO PortName:Login
StatusCode:200
ClientIp:::1

2019-04-18 15:19:54.7308 INFO PortName:SignIn
StatusCode:200
ClientIp:::1

2019-04-18 15:54:17.1688 INFO PortName:SignIn
StatusCode:200
ClientIp:::1
params:[
  {
    "ActionDescriptor": {
      "ActionName": "SignIn",
      "ControllerDescriptor": {
        "ControllerType": "Wolf.Vecc.Controllers.AccountController, Wolf.Vecc, Version=1.0.0.0, Culture=neutral, PublicKeyToken=null",
        "ControllerName": "Account",
        "UniqueId": "[36]1bc1086d-33d8-4331-be15-9596882bcf5b[8]33554815[7]Account[36]beee50f1-2896-45c3-b327-6eb7c47b4cad[8]33554442"
      },
      "MethodInfo": {
        "Name": "SignIn",
        "AssemblyName": "Wolf.Vecc, Version=1.0.0.0, Culture=neutral, PublicKeyToken=null",
        "ClassName": "Wolf.Vecc.Controllers.AccountController",
        "Signature": "System.Web.Mvc.ActionResult SignIn(Wolf.Vecc.Model.ViewModel.UserViewModel)",
        "Signature2": "System.Web.Mvc.ActionResult SignIn(Wolf.Vecc.Model.ViewModel.UserViewModel)",
        "MemberType": 8,
        "GenericArguments": null
      },
      "UniqueId": "[36]1bc1086d-33d8-4331-be15-9596882bcf5b[8]33554661[112][36]1bc1086d-33d8-4331-be15-9596882bcf5b[8]33554815[7]Account[36]beee50f1-2896-45c3-b327-6eb7c47b4cad[8]33554442[6]SignIn[36]beee50f1-2896-45c3-b327-6eb7c47b4cad[9]100663325"
    },
    "BindingInfo": {
      "Binder": null,
      "Exclude": [],
      "Include": [],
      "Prefix": null
    },
    "DefaultValue": null,
    "ParameterInfo": {
      "AttrsImpl": 0,
      "ClassImpl": "Wolf.Vecc.Model.ViewModel.UserViewModel, Wolf.Vecc.Model, Version=1.0.0.0, Culture=neutral, PublicKeyToken=null",
      "DefaultValueImpl": null,
      "MemberImpl": {
        "Name": "SignIn",
        "AssemblyName": "Wolf.Vecc, Version=1.0.0.0, Culture=neutral, PublicKeyToken=null",
        "ClassName": "Wolf.Vecc.Controllers.AccountController",
        "Signature": "System.Web.Mvc.ActionResult SignIn(Wolf.Vecc.Model.ViewModel.UserViewModel)",
        "Signature2": "System.Web.Mvc.ActionResult SignIn(Wolf.Vecc.Model.ViewModel.UserViewModel)",
        "MemberType": 8,
        "GenericArguments": null
      },
      "NameImpl": "user",
      "PositionImpl": 0,
      "_token": 134217744
    },
    "ParameterName": "user",
    "ParameterType": "Wolf.Vecc.Model.ViewModel.UserViewModel, Wolf.Vecc.Model, Version=1.0.0.0, Culture=neutral, PublicKeyToken=null"
  }
]

2019-04-18 15:56:02.7831 INFO PortName:SignIn
StatusCode:200
ClientIp:::1
params:[
  {
    "ActionDescriptor": {
      "ActionName": "SignIn",
      "ControllerDescriptor": {
        "ControllerType": "Wolf.Vecc.Controllers.AccountController, Wolf.Vecc, Version=1.0.0.0, Culture=neutral, PublicKeyToken=null",
        "ControllerName": "Account",
        "UniqueId": "[36]1bc1086d-33d8-4331-be15-9596882bcf5b[8]33554815[7]Account[36]de0962dc-e4df-4955-9dbf-032c12a1820c[8]33554442"
      },
      "MethodInfo": {
        "Name": "SignIn",
        "AssemblyName": "Wolf.Vecc, Version=1.0.0.0, Culture=neutral, PublicKeyToken=null",
        "ClassName": "Wolf.Vecc.Controllers.AccountController",
        "Signature": "System.Web.Mvc.ActionResult SignIn(Wolf.Vecc.Model.ViewModel.UserViewModel)",
        "Signature2": "System.Web.Mvc.ActionResult SignIn(Wolf.Vecc.Model.ViewModel.UserViewModel)",
        "MemberType": 8,
        "GenericArguments": null
      },
      "UniqueId": "[36]1bc1086d-33d8-4331-be15-9596882bcf5b[8]33554661[112][36]1bc1086d-33d8-4331-be15-9596882bcf5b[8]33554815[7]Account[36]de0962dc-e4df-4955-9dbf-032c12a1820c[8]33554442[6]SignIn[36]de0962dc-e4df-4955-9dbf-032c12a1820c[9]100663325"
    },
    "BindingInfo": {
      "Binder": null,
      "Exclude": [],
      "Include": [],
      "Prefix": null
    },
    "DefaultValue": null,
    "ParameterInfo": {
      "AttrsImpl": 0,
      "ClassImpl": "Wolf.Vecc.Model.ViewModel.UserViewModel, Wolf.Vecc.Model, Version=1.0.0.0, Culture=neutral, PublicKeyToken=null",
      "DefaultValueImpl": null,
      "MemberImpl": {
        "Name": "SignIn",
        "AssemblyName": "Wolf.Vecc, Version=1.0.0.0, Culture=neutral, PublicKeyToken=null",
        "ClassName": "Wolf.Vecc.Controllers.AccountController",
        "Signature": "System.Web.Mvc.ActionResult SignIn(Wolf.Vecc.Model.ViewModel.UserViewModel)",
        "Signature2": "System.Web.Mvc.ActionResult SignIn(Wolf.Vecc.Model.ViewModel.UserViewModel)",
        "MemberType": 8,
        "GenericArguments": null
      },
      "NameImpl": "user",
      "PositionImpl": 0,
      "_token": 134217744
    },
    "ParameterName": "user",
    "ParameterType": "Wolf.Vecc.Model.ViewModel.UserViewModel, Wolf.Vecc.Model, Version=1.0.0.0, Culture=neutral, PublicKeyToken=null"
  }
]

2019-04-18 15:56:36.0801 INFO PortName:SignIn
StatusCode:200
ClientIp:::1
params:[
  {
    "ActionDescriptor": {
      "ActionName": "SignIn",
      "ControllerDescriptor": {
        "ControllerType": "Wolf.Vecc.Controllers.AccountController, Wolf.Vecc, Version=1.0.0.0, Culture=neutral, PublicKeyToken=null",
        "ControllerName": "Account",
        "UniqueId": "[36]1bc1086d-33d8-4331-be15-9596882bcf5b[8]33554815[7]Account[36]de0962dc-e4df-4955-9dbf-032c12a1820c[8]33554442"
      },
      "MethodInfo": {
        "Name": "SignIn",
        "AssemblyName": "Wolf.Vecc, Version=1.0.0.0, Culture=neutral, PublicKeyToken=null",
        "ClassName": "Wolf.Vecc.Controllers.AccountController",
        "Signature": "System.Web.Mvc.ActionResult SignIn(Wolf.Vecc.Model.ViewModel.UserViewModel)",
        "Signature2": "System.Web.Mvc.ActionResult SignIn(Wolf.Vecc.Model.ViewModel.UserViewModel)",
        "MemberType": 8,
        "GenericArguments": null
      },
      "UniqueId": "[36]1bc1086d-33d8-4331-be15-9596882bcf5b[8]33554661[112][36]1bc1086d-33d8-4331-be15-9596882bcf5b[8]33554815[7]Account[36]de0962dc-e4df-4955-9dbf-032c12a1820c[8]33554442[6]SignIn[36]de0962dc-e4df-4955-9dbf-032c12a1820c[9]100663325"
    },
    "BindingInfo": {
      "Binder": null,
      "Exclude": [],
      "Include": [],
      "Prefix": null
    },
    "DefaultValue": null,
    "ParameterInfo": {
      "AttrsImpl": 0,
      "ClassImpl": "Wolf.Vecc.Model.ViewModel.UserViewModel, Wolf.Vecc.Model, Version=1.0.0.0, Culture=neutral, PublicKeyToken=null",
      "DefaultValueImpl": null,
      "MemberImpl": {
        "Name": "SignIn",
        "AssemblyName": "Wolf.Vecc, Version=1.0.0.0, Culture=neutral, PublicKeyToken=null",
        "ClassName": "Wolf.Vecc.Controllers.AccountController",
        "Signature": "System.Web.Mvc.ActionResult SignIn(Wolf.Vecc.Model.ViewModel.UserViewModel)",
        "Signature2": "System.Web.Mvc.ActionResult SignIn(Wolf.Vecc.Model.ViewModel.UserViewModel)",
        "MemberType": 8,
        "GenericArguments": null
      },
      "NameImpl": "user",
      "PositionImpl": 0,
      "_token": 134217744
    },
    "ParameterName": "user",
    "ParameterType": "Wolf.Vecc.Model.ViewModel.UserViewModel, Wolf.Vecc.Model, Version=1.0.0.0, Culture=neutral, PublicKeyToken=null"
  }
]

2019-04-18 15:58:08.6552 INFO PortName:SignIn
StatusCode:200
ClientIp:::1
params:[
  {
    "ActionDescriptor": {
      "ActionName": "SignIn",
      "ControllerDescriptor": {
        "ControllerType": "Wolf.Vecc.Controllers.AccountController, Wolf.Vecc, Version=1.0.0.0, Culture=neutral, PublicKeyToken=null",
        "ControllerName": "Account",
        "UniqueId": "[36]1bc1086d-33d8-4331-be15-9596882bcf5b[8]33554815[7]Account[36]de0962dc-e4df-4955-9dbf-032c12a1820c[8]33554442"
      },
      "MethodInfo": {
        "Name": "SignIn",
        "AssemblyName": "Wolf.Vecc, Version=1.0.0.0, Culture=neutral, PublicKeyToken=null",
        "ClassName": "Wolf.Vecc.Controllers.AccountController",
        "Signature": "System.Web.Mvc.ActionResult SignIn(Wolf.Vecc.Model.ViewModel.UserViewModel)",
        "Signature2": "System.Web.Mvc.ActionResult SignIn(Wolf.Vecc.Model.ViewModel.UserViewModel)",
        "MemberType": 8,
        "GenericArguments": null
      },
      "UniqueId": "[36]1bc1086d-33d8-4331-be15-9596882bcf5b[8]33554661[112][36]1bc1086d-33d8-4331-be15-9596882bcf5b[8]33554815[7]Account[36]de0962dc-e4df-4955-9dbf-032c12a1820c[8]33554442[6]SignIn[36]de0962dc-e4df-4955-9dbf-032c12a1820c[9]100663325"
    },
    "BindingInfo": {
      "Binder": null,
      "Exclude": [],
      "Include": [],
      "Prefix": null
    },
    "DefaultValue": null,
    "ParameterInfo": {
      "AttrsImpl": 0,
      "ClassImpl": "Wolf.Vecc.Model.ViewModel.UserViewModel, Wolf.Vecc.Model, Version=1.0.0.0, Culture=neutral, PublicKeyToken=null",
      "DefaultValueImpl": null,
      "MemberImpl": {
        "Name": "SignIn",
        "AssemblyName": "Wolf.Vecc, Version=1.0.0.0, Culture=neutral, PublicKeyToken=null",
        "ClassName": "Wolf.Vecc.Controllers.AccountController",
        "Signature": "System.Web.Mvc.ActionResult SignIn(Wolf.Vecc.Model.ViewModel.UserViewModel)",
        "Signature2": "System.Web.Mvc.ActionResult SignIn(Wolf.Vecc.Model.ViewModel.UserViewModel)",
        "MemberType": 8,
        "GenericArguments": null
      },
      "NameImpl": "user",
      "PositionImpl": 0,
      "_token": 134217744
    },
    "ParameterName": "user",
    "ParameterType": "Wolf.Vecc.Model.ViewModel.UserViewModel, Wolf.Vecc.Model, Version=1.0.0.0, Culture=neutral, PublicKeyToken=null"
  }
]

2019-04-18 16:05:31.4882 INFO PortName:SignIn
StatusCode:200
ClientIp:::1
params:[
  {
    "ActionDescriptor": {
      "ActionName": "SignIn",
      "ControllerDescriptor": {
        "ControllerType": "Wolf.Vecc.Controllers.AccountController, Wolf.Vecc, Version=1.0.0.0, Culture=neutral, PublicKeyToken=null",
        "ControllerName": "Account",
        "UniqueId": "[36]1bc1086d-33d8-4331-be15-9596882bcf5b[8]33554815[7]Account[36]46ad75aa-7fa8-47b2-90ec-d5cddc72b63b[8]33554442"
      },
      "MethodInfo": {
        "Name": "SignIn",
        "AssemblyName": "Wolf.Vecc, Version=1.0.0.0, Culture=neutral, PublicKeyToken=null",
        "ClassName": "Wolf.Vecc.Controllers.AccountController",
        "Signature": "System.Web.Mvc.ActionResult SignIn(Wolf.Vecc.Model.ViewModel.UserViewModel)",
        "Signature2": "System.Web.Mvc.ActionResult SignIn(Wolf.Vecc.Model.ViewModel.UserViewModel)",
        "MemberType": 8,
        "GenericArguments": null
      },
      "UniqueId": "[36]1bc1086d-33d8-4331-be15-9596882bcf5b[8]33554661[112][36]1bc1086d-33d8-4331-be15-9596882bcf5b[8]33554815[7]Account[36]46ad75aa-7fa8-47b2-90ec-d5cddc72b63b[8]33554442[6]SignIn[36]46ad75aa-7fa8-47b2-90ec-d5cddc72b63b[9]100663325"
    },
    "BindingInfo": {
      "Binder": null,
      "Exclude": [],
      "Include": [],
      "Prefix": null
    },
    "DefaultValue": null,
    "ParameterInfo": {
      "AttrsImpl": 0,
      "ClassImpl": "Wolf.Vecc.Model.ViewModel.UserViewModel, Wolf.Vecc.Model, Version=1.0.0.0, Culture=neutral, PublicKeyToken=null",
      "DefaultValueImpl": null,
      "MemberImpl": {
        "Name": "SignIn",
        "AssemblyName": "Wolf.Vecc, Version=1.0.0.0, Culture=neutral, PublicKeyToken=null",
        "ClassName": "Wolf.Vecc.Controllers.AccountController",
        "Signature": "System.Web.Mvc.ActionResult SignIn(Wolf.Vecc.Model.ViewModel.UserViewModel)",
        "Signature2": "System.Web.Mvc.ActionResult SignIn(Wolf.Vecc.Model.ViewModel.UserViewModel)",
        "MemberType": 8,
        "GenericArguments": null
      },
      "NameImpl": "user",
      "PositionImpl": 0,
      "_token": 134217744
    },
    "ParameterName": "user",
    "ParameterType": "Wolf.Vecc.Model.ViewModel.UserViewModel, Wolf.Vecc.Model, Version=1.0.0.0, Culture=neutral, PublicKeyToken=null"
  }
]

2019-04-18 16:05:35.2532 INFO PortName:SignIn
StatusCode:200
ClientIp:::1
params:[
  {
    "ActionDescriptor": {
      "ActionName": "SignIn",
      "ControllerDescriptor": {
        "ControllerType": "Wolf.Vecc.Controllers.AccountController, Wolf.Vecc, Version=1.0.0.0, Culture=neutral, PublicKeyToken=null",
        "ControllerName": "Account",
        "UniqueId": "[36]1bc1086d-33d8-4331-be15-9596882bcf5b[8]33554815[7]Account[36]46ad75aa-7fa8-47b2-90ec-d5cddc72b63b[8]33554442"
      },
      "MethodInfo": {
        "Name": "SignIn",
        "AssemblyName": "Wolf.Vecc, Version=1.0.0.0, Culture=neutral, PublicKeyToken=null",
        "ClassName": "Wolf.Vecc.Controllers.AccountController",
        "Signature": "System.Web.Mvc.ActionResult SignIn(Wolf.Vecc.Model.ViewModel.UserViewModel)",
        "Signature2": "System.Web.Mvc.ActionResult SignIn(Wolf.Vecc.Model.ViewModel.UserViewModel)",
        "MemberType": 8,
        "GenericArguments": null
      },
      "UniqueId": "[36]1bc1086d-33d8-4331-be15-9596882bcf5b[8]33554661[112][36]1bc1086d-33d8-4331-be15-9596882bcf5b[8]33554815[7]Account[36]46ad75aa-7fa8-47b2-90ec-d5cddc72b63b[8]33554442[6]SignIn[36]46ad75aa-7fa8-47b2-90ec-d5cddc72b63b[9]100663325"
    },
    "BindingInfo": {
      "Binder": null,
      "Exclude": [],
      "Include": [],
      "Prefix": null
    },
    "DefaultValue": null,
    "ParameterInfo": {
      "AttrsImpl": 0,
      "ClassImpl": "Wolf.Vecc.Model.ViewModel.UserViewModel, Wolf.Vecc.Model, Version=1.0.0.0, Culture=neutral, PublicKeyToken=null",
      "DefaultValueImpl": null,
      "MemberImpl": {
        "Name": "SignIn",
        "AssemblyName": "Wolf.Vecc, Version=1.0.0.0, Culture=neutral, PublicKeyToken=null",
        "ClassName": "Wolf.Vecc.Controllers.AccountController",
        "Signature": "System.Web.Mvc.ActionResult SignIn(Wolf.Vecc.Model.ViewModel.UserViewModel)",
        "Signature2": "System.Web.Mvc.ActionResult SignIn(Wolf.Vecc.Model.ViewModel.UserViewModel)",
        "MemberType": 8,
        "GenericArguments": null
      },
      "NameImpl": "user",
      "PositionImpl": 0,
      "_token": 134217744
    },
    "ParameterName": "user",
    "ParameterType": "Wolf.Vecc.Model.ViewModel.UserViewModel, Wolf.Vecc.Model, Version=1.0.0.0, Culture=neutral, PublicKeyToken=null"
  }
]

2019-04-18 16:05:39.2655 INFO PortName:SignIn
StatusCode:200
ClientIp:::1
params:[
  {
    "ActionDescriptor": {
      "ActionName": "SignIn",
      "ControllerDescriptor": {
        "ControllerType": "Wolf.Vecc.Controllers.AccountController, Wolf.Vecc, Version=1.0.0.0, Culture=neutral, PublicKeyToken=null",
        "ControllerName": "Account",
        "UniqueId": "[36]1bc1086d-33d8-4331-be15-9596882bcf5b[8]33554815[7]Account[36]46ad75aa-7fa8-47b2-90ec-d5cddc72b63b[8]33554442"
      },
      "MethodInfo": {
        "Name": "SignIn",
        "AssemblyName": "Wolf.Vecc, Version=1.0.0.0, Culture=neutral, PublicKeyToken=null",
        "ClassName": "Wolf.Vecc.Controllers.AccountController",
        "Signature": "System.Web.Mvc.ActionResult SignIn(Wolf.Vecc.Model.ViewModel.UserViewModel)",
        "Signature2": "System.Web.Mvc.ActionResult SignIn(Wolf.Vecc.Model.ViewModel.UserViewModel)",
        "MemberType": 8,
        "GenericArguments": null
      },
      "UniqueId": "[36]1bc1086d-33d8-4331-be15-9596882bcf5b[8]33554661[112][36]1bc1086d-33d8-4331-be15-9596882bcf5b[8]33554815[7]Account[36]46ad75aa-7fa8-47b2-90ec-d5cddc72b63b[8]33554442[6]SignIn[36]46ad75aa-7fa8-47b2-90ec-d5cddc72b63b[9]100663325"
    },
    "BindingInfo": {
      "Binder": null,
      "Exclude": [],
      "Include": [],
      "Prefix": null
    },
    "DefaultValue": null,
    "ParameterInfo": {
      "AttrsImpl": 0,
      "ClassImpl": "Wolf.Vecc.Model.ViewModel.UserViewModel, Wolf.Vecc.Model, Version=1.0.0.0, Culture=neutral, PublicKeyToken=null",
      "DefaultValueImpl": null,
      "MemberImpl": {
        "Name": "SignIn",
        "AssemblyName": "Wolf.Vecc, Version=1.0.0.0, Culture=neutral, PublicKeyToken=null",
        "ClassName": "Wolf.Vecc.Controllers.AccountController",
        "Signature": "System.Web.Mvc.ActionResult SignIn(Wolf.Vecc.Model.ViewModel.UserViewModel)",
        "Signature2": "System.Web.Mvc.ActionResult SignIn(Wolf.Vecc.Model.ViewModel.UserViewModel)",
        "MemberType": 8,
        "GenericArguments": null
      },
      "NameImpl": "user",
      "PositionImpl": 0,
      "_token": 134217744
    },
    "ParameterName": "user",
    "ParameterType": "Wolf.Vecc.Model.ViewModel.UserViewModel, Wolf.Vecc.Model, Version=1.0.0.0, Culture=neutral, PublicKeyToken=null"
  }
]

2019-04-18 16:05:43.0843 INFO PortName:SignIn
StatusCode:200
ClientIp:::1
params:[
  {
    "ActionDescriptor": {
      "ActionName": "SignIn",
      "ControllerDescriptor": {
        "ControllerType": "Wolf.Vecc.Controllers.AccountController, Wolf.Vecc, Version=1.0.0.0, Culture=neutral, PublicKeyToken=null",
        "ControllerName": "Account",
        "UniqueId": "[36]1bc1086d-33d8-4331-be15-9596882bcf5b[8]33554815[7]Account[36]46ad75aa-7fa8-47b2-90ec-d5cddc72b63b[8]33554442"
      },
      "MethodInfo": {
        "Name": "SignIn",
        "AssemblyName": "Wolf.Vecc, Version=1.0.0.0, Culture=neutral, PublicKeyToken=null",
        "ClassName": "Wolf.Vecc.Controllers.AccountController",
        "Signature": "System.Web.Mvc.ActionResult SignIn(Wolf.Vecc.Model.ViewModel.UserViewModel)",
        "Signature2": "System.Web.Mvc.ActionResult SignIn(Wolf.Vecc.Model.ViewModel.UserViewModel)",
        "MemberType": 8,
        "GenericArguments": null
      },
      "UniqueId": "[36]1bc1086d-33d8-4331-be15-9596882bcf5b[8]33554661[112][36]1bc1086d-33d8-4331-be15-9596882bcf5b[8]33554815[7]Account[36]46ad75aa-7fa8-47b2-90ec-d5cddc72b63b[8]33554442[6]SignIn[36]46ad75aa-7fa8-47b2-90ec-d5cddc72b63b[9]100663325"
    },
    "BindingInfo": {
      "Binder": null,
      "Exclude": [],
      "Include": [],
      "Prefix": null
    },
    "DefaultValue": null,
    "ParameterInfo": {
      "AttrsImpl": 0,
      "ClassImpl": "Wolf.Vecc.Model.ViewModel.UserViewModel, Wolf.Vecc.Model, Version=1.0.0.0, Culture=neutral, PublicKeyToken=null",
      "DefaultValueImpl": null,
      "MemberImpl": {
        "Name": "SignIn",
        "AssemblyName": "Wolf.Vecc, Version=1.0.0.0, Culture=neutral, PublicKeyToken=null",
        "ClassName": "Wolf.Vecc.Controllers.AccountController",
        "Signature": "System.Web.Mvc.ActionResult SignIn(Wolf.Vecc.Model.ViewModel.UserViewModel)",
        "Signature2": "System.Web.Mvc.ActionResult SignIn(Wolf.Vecc.Model.ViewModel.UserViewModel)",
        "MemberType": 8,
        "GenericArguments": null
      },
      "NameImpl": "user",
      "PositionImpl": 0,
      "_token": 134217744
    },
    "ParameterName": "user",
    "ParameterType": "Wolf.Vecc.Model.ViewModel.UserViewModel, Wolf.Vecc.Model, Version=1.0.0.0, Culture=neutral, PublicKeyToken=null"
  }
]

2019-04-18 16:05:45.4838 INFO PortName:SignIn
StatusCode:200
ClientIp:::1
params:[
  {
    "ActionDescriptor": {
      "ActionName": "SignIn",
      "ControllerDescriptor": {
        "ControllerType": "Wolf.Vecc.Controllers.AccountController, Wolf.Vecc, Version=1.0.0.0, Culture=neutral, PublicKeyToken=null",
        "ControllerName": "Account",
        "UniqueId": "[36]1bc1086d-33d8-4331-be15-9596882bcf5b[8]33554815[7]Account[36]46ad75aa-7fa8-47b2-90ec-d5cddc72b63b[8]33554442"
      },
      "MethodInfo": {
        "Name": "SignIn",
        "AssemblyName": "Wolf.Vecc, Version=1.0.0.0, Culture=neutral, PublicKeyToken=null",
        "ClassName": "Wolf.Vecc.Controllers.AccountController",
        "Signature": "System.Web.Mvc.ActionResult SignIn(Wolf.Vecc.Model.ViewModel.UserViewModel)",
        "Signature2": "System.Web.Mvc.ActionResult SignIn(Wolf.Vecc.Model.ViewModel.UserViewModel)",
        "MemberType": 8,
        "GenericArguments": null
      },
      "UniqueId": "[36]1bc1086d-33d8-4331-be15-9596882bcf5b[8]33554661[112][36]1bc1086d-33d8-4331-be15-9596882bcf5b[8]33554815[7]Account[36]46ad75aa-7fa8-47b2-90ec-d5cddc72b63b[8]33554442[6]SignIn[36]46ad75aa-7fa8-47b2-90ec-d5cddc72b63b[9]100663325"
    },
    "BindingInfo": {
      "Binder": null,
      "Exclude": [],
      "Include": [],
      "Prefix": null
    },
    "DefaultValue": null,
    "ParameterInfo": {
      "AttrsImpl": 0,
      "ClassImpl": "Wolf.Vecc.Model.ViewModel.UserViewModel, Wolf.Vecc.Model, Version=1.0.0.0, Culture=neutral, PublicKeyToken=null",
      "DefaultValueImpl": null,
      "MemberImpl": {
        "Name": "SignIn",
        "AssemblyName": "Wolf.Vecc, Version=1.0.0.0, Culture=neutral, PublicKeyToken=null",
        "ClassName": "Wolf.Vecc.Controllers.AccountController",
        "Signature": "System.Web.Mvc.ActionResult SignIn(Wolf.Vecc.Model.ViewModel.UserViewModel)",
        "Signature2": "System.Web.Mvc.ActionResult SignIn(Wolf.Vecc.Model.ViewModel.UserViewModel)",
        "MemberType": 8,
        "GenericArguments": null
      },
      "NameImpl": "user",
      "PositionImpl": 0,
      "_token": 134217744
    },
    "ParameterName": "user",
    "ParameterType": "Wolf.Vecc.Model.ViewModel.UserViewModel, Wolf.Vecc.Model, Version=1.0.0.0, Culture=neutral, PublicKeyToken=null"
  }
]

2019-04-18 16:06:10.1715 INFO PortName:SignIn
StatusCode:200
ClientIp:::1
params:[
  {
    "ActionDescriptor": {
      "ActionName": "SignIn",
      "ControllerDescriptor": {
        "ControllerType": "Wolf.Vecc.Controllers.AccountController, Wolf.Vecc, Version=1.0.0.0, Culture=neutral, PublicKeyToken=null",
        "ControllerName": "Account",
        "UniqueId": "[36]1bc1086d-33d8-4331-be15-9596882bcf5b[8]33554815[7]Account[36]46ad75aa-7fa8-47b2-90ec-d5cddc72b63b[8]33554442"
      },
      "MethodInfo": {
        "Name": "SignIn",
        "AssemblyName": "Wolf.Vecc, Version=1.0.0.0, Culture=neutral, PublicKeyToken=null",
        "ClassName": "Wolf.Vecc.Controllers.AccountController",
        "Signature": "System.Web.Mvc.ActionResult SignIn(Wolf.Vecc.Model.ViewModel.UserViewModel)",
        "Signature2": "System.Web.Mvc.ActionResult SignIn(Wolf.Vecc.Model.ViewModel.UserViewModel)",
        "MemberType": 8,
        "GenericArguments": null
      },
      "UniqueId": "[36]1bc1086d-33d8-4331-be15-9596882bcf5b[8]33554661[112][36]1bc1086d-33d8-4331-be15-9596882bcf5b[8]33554815[7]Account[36]46ad75aa-7fa8-47b2-90ec-d5cddc72b63b[8]33554442[6]SignIn[36]46ad75aa-7fa8-47b2-90ec-d5cddc72b63b[9]100663325"
    },
    "BindingInfo": {
      "Binder": null,
      "Exclude": [],
      "Include": [],
      "Prefix": null
    },
    "DefaultValue": null,
    "ParameterInfo": {
      "AttrsImpl": 0,
      "ClassImpl": "Wolf.Vecc.Model.ViewModel.UserViewModel, Wolf.Vecc.Model, Version=1.0.0.0, Culture=neutral, PublicKeyToken=null",
      "DefaultValueImpl": null,
      "MemberImpl": {
        "Name": "SignIn",
        "AssemblyName": "Wolf.Vecc, Version=1.0.0.0, Culture=neutral, PublicKeyToken=null",
        "ClassName": "Wolf.Vecc.Controllers.AccountController",
        "Signature": "System.Web.Mvc.ActionResult SignIn(Wolf.Vecc.Model.ViewModel.UserViewModel)",
        "Signature2": "System.Web.Mvc.ActionResult SignIn(Wolf.Vecc.Model.ViewModel.UserViewModel)",
        "MemberType": 8,
        "GenericArguments": null
      },
      "NameImpl": "user",
      "PositionImpl": 0,
      "_token": 134217744
    },
    "ParameterName": "user",
    "ParameterType": "Wolf.Vecc.Model.ViewModel.UserViewModel, Wolf.Vecc.Model, Version=1.0.0.0, Culture=neutral, PublicKeyToken=null"
  }
]

2019-04-18 16:06:45.0523 INFO PortName:SignIn
StatusCode:200
ClientIp:::1
params:[
  {
    "ActionDescriptor": {
      "ActionName": "SignIn",
      "ControllerDescriptor": {
        "ControllerType": "Wolf.Vecc.Controllers.AccountController, Wolf.Vecc, Version=1.0.0.0, Culture=neutral, PublicKeyToken=null",
        "ControllerName": "Account",
        "UniqueId": "[36]1bc1086d-33d8-4331-be15-9596882bcf5b[8]33554815[7]Account[36]46ad75aa-7fa8-47b2-90ec-d5cddc72b63b[8]33554442"
      },
      "MethodInfo": {
        "Name": "SignIn",
        "AssemblyName": "Wolf.Vecc, Version=1.0.0.0, Culture=neutral, PublicKeyToken=null",
        "ClassName": "Wolf.Vecc.Controllers.AccountController",
        "Signature": "System.Web.Mvc.ActionResult SignIn(Wolf.Vecc.Model.ViewModel.UserViewModel)",
        "Signature2": "System.Web.Mvc.ActionResult SignIn(Wolf.Vecc.Model.ViewModel.UserViewModel)",
        "MemberType": 8,
        "GenericArguments": null
      },
      "UniqueId": "[36]1bc1086d-33d8-4331-be15-9596882bcf5b[8]33554661[112][36]1bc1086d-33d8-4331-be15-9596882bcf5b[8]33554815[7]Account[36]46ad75aa-7fa8-47b2-90ec-d5cddc72b63b[8]33554442[6]SignIn[36]46ad75aa-7fa8-47b2-90ec-d5cddc72b63b[9]100663325"
    },
    "BindingInfo": {
      "Binder": null,
      "Exclude": [],
      "Include": [],
      "Prefix": null
    },
    "DefaultValue": null,
    "ParameterInfo": {
      "AttrsImpl": 0,
      "ClassImpl": "Wolf.Vecc.Model.ViewModel.UserViewModel, Wolf.Vecc.Model, Version=1.0.0.0, Culture=neutral, PublicKeyToken=null",
      "DefaultValueImpl": null,
      "MemberImpl": {
        "Name": "SignIn",
        "AssemblyName": "Wolf.Vecc, Version=1.0.0.0, Culture=neutral, PublicKeyToken=null",
        "ClassName": "Wolf.Vecc.Controllers.AccountController",
        "Signature": "System.Web.Mvc.ActionResult SignIn(Wolf.Vecc.Model.ViewModel.UserViewModel)",
        "Signature2": "System.Web.Mvc.ActionResult SignIn(Wolf.Vecc.Model.ViewModel.UserViewModel)",
        "MemberType": 8,
        "GenericArguments": null
      },
      "NameImpl": "user",
      "PositionImpl": 0,
      "_token": 134217744
    },
    "ParameterName": "user",
    "ParameterType": "Wolf.Vecc.Model.ViewModel.UserViewModel, Wolf.Vecc.Model, Version=1.0.0.0, Culture=neutral, PublicKeyToken=null"
  }
]

2019-04-18 16:08:45.3663 INFO PortName:SignIn
StatusCode:200
ClientIp:::1
params:[
  {
    "ActionDescriptor": {
      "ActionName": "SignIn",
      "ControllerDescriptor": {
        "ControllerType": "Wolf.Vecc.Controllers.AccountController, Wolf.Vecc, Version=1.0.0.0, Culture=neutral, PublicKeyToken=null",
        "ControllerName": "Account",
        "UniqueId": "[36]1bc1086d-33d8-4331-be15-9596882bcf5b[8]33554815[7]Account[36]c9fbeb7c-6778-474e-b70e-f146493c6c3d[8]33554442"
      },
      "MethodInfo": {
        "Name": "SignIn",
        "AssemblyName": "Wolf.Vecc, Version=1.0.0.0, Culture=neutral, PublicKeyToken=null",
        "ClassName": "Wolf.Vecc.Controllers.AccountController",
        "Signature": "System.Web.Mvc.ActionResult SignIn(Wolf.Vecc.Model.ViewModel.UserViewModel)",
        "Signature2": "System.Web.Mvc.ActionResult SignIn(Wolf.Vecc.Model.ViewModel.UserViewModel)",
        "MemberType": 8,
        "GenericArguments": null
      },
      "UniqueId": "[36]1bc1086d-33d8-4331-be15-9596882bcf5b[8]33554661[112][36]1bc1086d-33d8-4331-be15-9596882bcf5b[8]33554815[7]Account[36]c9fbeb7c-6778-474e-b70e-f146493c6c3d[8]33554442[6]SignIn[36]c9fbeb7c-6778-474e-b70e-f146493c6c3d[9]100663325"
    },
    "BindingInfo": {
      "Binder": null,
      "Exclude": [],
      "Include": [],
      "Prefix": null
    },
    "DefaultValue": null,
    "ParameterInfo": {
      "AttrsImpl": 0,
      "ClassImpl": "Wolf.Vecc.Model.ViewModel.UserViewModel, Wolf.Vecc.Model, Version=1.0.0.0, Culture=neutral, PublicKeyToken=null",
      "DefaultValueImpl": null,
      "MemberImpl": {
        "Name": "SignIn",
        "AssemblyName": "Wolf.Vecc, Version=1.0.0.0, Culture=neutral, PublicKeyToken=null",
        "ClassName": "Wolf.Vecc.Controllers.AccountController",
        "Signature": "System.Web.Mvc.ActionResult SignIn(Wolf.Vecc.Model.ViewModel.UserViewModel)",
        "Signature2": "System.Web.Mvc.ActionResult SignIn(Wolf.Vecc.Model.ViewModel.UserViewModel)",
        "MemberType": 8,
        "GenericArguments": null
      },
      "NameImpl": "user",
      "PositionImpl": 0,
      "_token": 134217744
    },
    "ParameterName": "user",
    "ParameterType": "Wolf.Vecc.Model.ViewModel.UserViewModel, Wolf.Vecc.Model, Version=1.0.0.0, Culture=neutral, PublicKeyToken=null"
  }
]

2019-04-18 16:11:08.5458 INFO PortName:SignIn
StatusCode:200
ClientIp:::1
params:[
  {
    "ActionDescriptor": {
      "ActionName": "SignIn",
      "ControllerDescriptor": {
        "ControllerType": "Wolf.Vecc.Controllers.AccountController, Wolf.Vecc, Version=1.0.0.0, Culture=neutral, PublicKeyToken=null",
        "ControllerName": "Account",
        "UniqueId": "[36]1bc1086d-33d8-4331-be15-9596882bcf5b[8]33554815[7]Account[36]be897d5f-e378-4523-9a4f-2a6ff9452279[8]33554442"
      },
      "MethodInfo": {
        "Name": "SignIn",
        "AssemblyName": "Wolf.Vecc, Version=1.0.0.0, Culture=neutral, PublicKeyToken=null",
        "ClassName": "Wolf.Vecc.Controllers.AccountController",
        "Signature": "System.Web.Mvc.ActionResult SignIn(Wolf.Vecc.Model.ViewModel.UserViewModel)",
        "Signature2": "System.Web.Mvc.ActionResult SignIn(Wolf.Vecc.Model.ViewModel.UserViewModel)",
        "MemberType": 8,
        "GenericArguments": null
      },
      "UniqueId": "[36]1bc1086d-33d8-4331-be15-9596882bcf5b[8]33554661[112][36]1bc1086d-33d8-4331-be15-9596882bcf5b[8]33554815[7]Account[36]be897d5f-e378-4523-9a4f-2a6ff9452279[8]33554442[6]SignIn[36]be897d5f-e378-4523-9a4f-2a6ff9452279[9]100663324"
    },
    "BindingInfo": {
      "Binder": null,
      "Exclude": [],
      "Include": [],
      "Prefix": null
    },
    "DefaultValue": null,
    "ParameterInfo": {
      "AttrsImpl": 0,
      "ClassImpl": "Wolf.Vecc.Model.ViewModel.UserViewModel, Wolf.Vecc.Model, Version=1.0.0.0, Culture=neutral, PublicKeyToken=null",
      "DefaultValueImpl": null,
      "MemberImpl": {
        "Name": "SignIn",
        "AssemblyName": "Wolf.Vecc, Version=1.0.0.0, Culture=neutral, PublicKeyToken=null",
        "ClassName": "Wolf.Vecc.Controllers.AccountController",
        "Signature": "System.Web.Mvc.ActionResult SignIn(Wolf.Vecc.Model.ViewModel.UserViewModel)",
        "Signature2": "System.Web.Mvc.ActionResult SignIn(Wolf.Vecc.Model.ViewModel.UserViewModel)",
        "MemberType": 8,
        "GenericArguments": null
      },
      "NameImpl": "user",
      "PositionImpl": 0,
      "_token": 134217742
    },
    "ParameterName": "user",
    "ParameterType": "Wolf.Vecc.Model.ViewModel.UserViewModel, Wolf.Vecc.Model, Version=1.0.0.0, Culture=neutral, PublicKeyToken=null"
  }
]

2019-04-18 16:11:20.9406 INFO PortName:SignIn
StatusCode:200
ClientIp:::1
params:[
  {
    "ActionDescriptor": {
      "ActionName": "SignIn",
      "ControllerDescriptor": {
        "ControllerType": "Wolf.Vecc.Controllers.AccountController, Wolf.Vecc, Version=1.0.0.0, Culture=neutral, PublicKeyToken=null",
        "ControllerName": "Account",
        "UniqueId": "[36]1bc1086d-33d8-4331-be15-9596882bcf5b[8]33554815[7]Account[36]be897d5f-e378-4523-9a4f-2a6ff9452279[8]33554442"
      },
      "MethodInfo": {
        "Name": "SignIn",
        "AssemblyName": "Wolf.Vecc, Version=1.0.0.0, Culture=neutral, PublicKeyToken=null",
        "ClassName": "Wolf.Vecc.Controllers.AccountController",
        "Signature": "System.Web.Mvc.ActionResult SignIn(Wolf.Vecc.Model.ViewModel.UserViewModel)",
        "Signature2": "System.Web.Mvc.ActionResult SignIn(Wolf.Vecc.Model.ViewModel.UserViewModel)",
        "MemberType": 8,
        "GenericArguments": null
      },
      "UniqueId": "[36]1bc1086d-33d8-4331-be15-9596882bcf5b[8]33554661[112][36]1bc1086d-33d8-4331-be15-9596882bcf5b[8]33554815[7]Account[36]be897d5f-e378-4523-9a4f-2a6ff9452279[8]33554442[6]SignIn[36]be897d5f-e378-4523-9a4f-2a6ff9452279[9]100663324"
    },
    "BindingInfo": {
      "Binder": null,
      "Exclude": [],
      "Include": [],
      "Prefix": null
    },
    "DefaultValue": null,
    "ParameterInfo": {
      "AttrsImpl": 0,
      "ClassImpl": "Wolf.Vecc.Model.ViewModel.UserViewModel, Wolf.Vecc.Model, Version=1.0.0.0, Culture=neutral, PublicKeyToken=null",
      "DefaultValueImpl": null,
      "MemberImpl": {
        "Name": "SignIn",
        "AssemblyName": "Wolf.Vecc, Version=1.0.0.0, Culture=neutral, PublicKeyToken=null",
        "ClassName": "Wolf.Vecc.Controllers.AccountController",
        "Signature": "System.Web.Mvc.ActionResult SignIn(Wolf.Vecc.Model.ViewModel.UserViewModel)",
        "Signature2": "System.Web.Mvc.ActionResult SignIn(Wolf.Vecc.Model.ViewModel.UserViewModel)",
        "MemberType": 8,
        "GenericArguments": null
      },
      "NameImpl": "user",
      "PositionImpl": 0,
      "_token": 134217742
    },
    "ParameterName": "user",
    "ParameterType": "Wolf.Vecc.Model.ViewModel.UserViewModel, Wolf.Vecc.Model, Version=1.0.0.0, Culture=neutral, PublicKeyToken=null"
  }
]

2019-04-18 17:31:28.2707 INFO PortName:SignIn
StatusCode:200
ClientIp:::1
params:{
  "user": {
    "View_RememberFlag": false,
    "UserName": "veccadmin",
    "Password": "123456",
    "Email": null,
    "Country": null,
    "Phone": null,
    "EnterpriseName": null,
    "RoleId": 0,
    "AccountStatus": 0,
    "CreateDate": null,
    "UserType": 0,
    "ConfirmPassword": null,
    "Id": 0,
    "IsDel": 0
  }
}

2019-04-18 17:39:17.8028 INFO PortName:SignIn
StatusCode:200
ClientIp:::1
params:{
  "user": {
    "View_RememberFlag": false,
    "UserName": "veccadmin",
    "Password": "123456",
    "Email": null,
    "Country": null,
    "Phone": null,
    "EnterpriseName": null,
    "RoleId": 0,
    "AccountStatus": 0,
    "CreateDate": null,
    "UserType": 0,
    "ConfirmPassword": null,
    "Id": 0,
    "IsDel": 0
  }
}

2019-04-18 17:41:25.3894 INFO PortName:SignIn
StatusCode:200
ClientIp:::1
params:{
  "user": {
    "View_RememberFlag": false,
    "UserName": "veccadmin",
    "Password": "123456",
    "Email": null,
    "Country": null,
    "Phone": null,
    "EnterpriseName": null,
    "RoleId": 0,
    "AccountStatus": 0,
    "CreateDate": null,
    "UserType": 0,
    "ConfirmPassword": null,
    "Id": 0,
    "IsDel": 0
  }
}

2019-04-18 17:44:20.6232 INFO PortName:SignIn
StatusCode:200
ClientIp:::1
params:{
  "user": {
    "View_RememberFlag": false,
    "UserName": "veccadmin",
    "Password": "123456",
    "Email": null,
    "Country": null,
    "Phone": null,
    "EnterpriseName": null,
    "RoleId": 0,
    "AccountStatus": 0,
    "CreateDate": null,
    "UserType": 0,
    "ConfirmPassword": null,
    "Id": 0,
    "IsDel": 0
  }
}

2019-04-18 17:48:53.4078 INFO PortName:SignIn
StatusCode:200
ClientIp:::1
params:{
  "user": {
    "View_RememberFlag": false,
    "UserName": "veccadmin",
    "Password": "123456",
    "Email": null,
    "Country": null,
    "Phone": null,
    "EnterpriseName": null,
    "RoleId": 0,
    "AccountStatus": 0,
    "CreateDate": null,
    "UserType": 0,
    "ConfirmPassword": null,
    "Id": 0,
    "IsDel": 0
  }
}

2019-04-18 17:52:41.6160 INFO PortName:SignIn
StatusCode:200
ClientIp:::1
params:{
  "user": {
    "View_RememberFlag": false,
    "UserName": "veccadmin",
    "Password": "123456",
    "Email": null,
    "Country": null,
    "Phone": null,
    "EnterpriseName": null,
    "RoleId": 0,
    "AccountStatus": 0,
    "CreateDate": null,
    "UserType": 0,
    "ConfirmPassword": null,
    "Id": 0,
    "IsDel": 0
  }
}

2019-04-18 17:55:40.4871 INFO PortName:SignIn
StatusCode:200
ClientIp:::1
params:{
  "user": {
    "View_RememberFlag": false,
    "UserName": "veccadmin",
    "Password": "123456",
    "Email": null,
    "Country": null,
    "Phone": null,
    "EnterpriseName": null,
    "RoleId": 0,
    "AccountStatus": 0,
    "CreateDate": null,
    "UserType": 0,
    "ConfirmPassword": null,
    "Id": 0,
    "IsDel": 0
  }
}

